<?xml version="1.0" encoding="UTF-8"?>
<TestRun id="12ce7086-ac8c-4b30-9f8b-cbdf2915a3ab" name="James@ACER1 2011-09-17 16:35:12" runUser="Acer1\James" xmlns="http://microsoft.com/schemas/VisualStudio/TeamTest/2006">
  <TestRunConfiguration name="Local Test Run" id="d0ef479a-4456-4430-897a-0d1eeb05118e">
    <Description>This is a default test run configuration for a local test run.</Description>
    <Deployment userDeploymentRoot="C:\Dev\MVC2MS\JamesEllisJones\TestResults" useDefaultDeploymentRoot="false" runDeploymentRoot="C:\Dev\MVC2MS\JamesEllisJones\TestResults\James_ACER1 2011-09-17 16_35_12">
      <DeploymentItem filename="C:\Dev\MVC2MS\MVC2MS\bin\Debug\L24CM.dll" />
    </Deployment>
    <TestTypeSpecific />
  </TestRunConfiguration>
  <ResultSummary outcome="Completed">
    <Counters total="1" executed="1" passed="1" error="0" failed="0" timeout="0" aborted="0" inconclusive="0" passedButRunAborted="0" notRunnable="0" notExecuted="0" disconnected="0" warning="0" completed="0" inProgress="0" pending="0" />
  </ResultSummary>
  <Times creation="2011-09-17T16:35:12.1822281+01:00" queuing="2011-09-17T16:35:15.4820117+01:00" start="2011-09-17T16:35:16.0720454+01:00" finish="2011-09-17T16:36:10.3817293+01:00" />
  <TestDefinitions>
    <UnitTest name="GetTagTest" storage="c:\dev\mvc2ms\l24cmtest\bin\debug\l24cmtest.dll" id="c5191af5-cbe2-5a2d-3b84-02a902f660d1">
      <Css projectStructure="" iteration="" />
      <Owners>
        <Owner name="" />
      </Owners>
      <Execution id="a6e615d3-620e-4acd-b86b-264fb76ba0a0" />
      <TestMethod codeBase="C:\Dev\MVC2MS\L24CMTest\bin\Debug\L24CMTest.dll" adapterTypeName="Microsoft.VisualStudio.TestTools.TestTypes.Unit.UnitTestAdapter, Microsoft.VisualStudio.QualityTools.Tips.UnitTest.Adapter, Version=9.0.0.0, Culture=neutral, PublicKeyToken=b03f5f7f11d50a3a" className="L24CMTest.HtmlXTest, L24CMTest" name="GetTagTest" />
    </UnitTest>
  </TestDefinitions>
  <TestLists>
    <TestList name="Results Not in a List" id="8c84fa94-04c1-424b-9868-57a2d4851a1d" />
    <TestList name="All Loaded Results" id="19431567-8539-422a-85d7-44ee4e166bda" />
  </TestLists>
  <TestEntries>
    <TestEntry testId="c5191af5-cbe2-5a2d-3b84-02a902f660d1" executionId="a6e615d3-620e-4acd-b86b-264fb76ba0a0" testListId="8c84fa94-04c1-424b-9868-57a2d4851a1d" />
  </TestEntries>
  <Results>
    <UnitTestResult executionId="a6e615d3-620e-4acd-b86b-264fb76ba0a0" testId="c5191af5-cbe2-5a2d-3b84-02a902f660d1" testName="GetTagTest" computerName="ACER1" duration="00:00:52.8185395" startTime="2011-09-17T16:35:16.2630563+01:00" endTime="2011-09-17T16:36:09.9807063+01:00" testType="13cdc9d9-ddb5-4fa4-a97d-d965ccfc6d4b" outcome="Passed" testListId="8c84fa94-04c1-424b-9868-57a2d4851a1d">
      <Output>
      </Output>
    </UnitTestResult>
  </Results>
</TestRun>