<?xml version="1.0" encoding="UTF-8"?>
<TestRun id="8c96b089-bba2-49e8-95e2-8900ac61c356" name="James@ACER1 2011-09-17 15:45:32" runUser="Acer1\James" xmlns="http://microsoft.com/schemas/VisualStudio/TeamTest/2006">
  <TestRunConfiguration name="Local Test Run" id="d0ef479a-4456-4430-897a-0d1eeb05118e">
    <Description>This is a default test run configuration for a local test run.</Description>
    <Deployment userDeploymentRoot="C:\Dev\MVC2MS\JamesEllisJones\TestResults" useDefaultDeploymentRoot="false" runDeploymentRoot="C:\Dev\MVC2MS\JamesEllisJones\TestResults\James_ACER1 2011-09-17 15_45_32">
      <DeploymentItem filename="C:\Dev\MVC2MS\MVC2MS\bin\Debug\L24CM.dll" />
    </Deployment>
    <TestTypeSpecific />
  </TestRunConfiguration>
  <ResultSummary outcome="Failed">
    <Counters total="1" executed="1" error="0" failed="1" timeout="0" aborted="0" inconclusive="0" passedButRunAborted="0" notRunnable="0" notExecuted="0" disconnected="0" warning="0" passed="0" completed="0" inProgress="0" pending="0" />
  </ResultSummary>
  <Times creation="2011-09-17T15:45:32.5564480+01:00" queuing="2011-09-17T15:45:43.9227701+01:00" start="2011-09-17T15:45:44.3061843+01:00" finish="2011-09-17T15:48:26.1639940+01:00" />
  <TestDefinitions>
    <UnitTest name="GetTagTest" storage="c:\dev\mvc2ms\l24cmtest\bin\debug\l24cmtest.dll" id="c5191af5-cbe2-5a2d-3b84-02a902f660d1">
      <Css projectStructure="" iteration="" />
      <Owners>
        <Owner name="" />
      </Owners>
      <Execution id="842facae-cb2e-4318-ab9c-eb729231c4ca" />
      <TestMethod codeBase="C:\Dev\MVC2MS\L24CMTest\bin\Debug\L24CMTest.dll" adapterTypeName="Microsoft.VisualStudio.TestTools.TestTypes.Unit.UnitTestAdapter, Microsoft.VisualStudio.QualityTools.Tips.UnitTest.Adapter, Version=9.0.0.0, Culture=neutral, PublicKeyToken=b03f5f7f11d50a3a" className="L24CMTest.HtmlXTest, L24CMTest" name="GetTagTest" />
    </UnitTest>
  </TestDefinitions>
  <TestLists>
    <TestList name="Results Not in a List" id="8c84fa94-04c1-424b-9868-57a2d4851a1d" />
    <TestList name="All Loaded Results" id="19431567-8539-422a-85d7-44ee4e166bda" />
  </TestLists>
  <TestEntries>
    <TestEntry testId="c5191af5-cbe2-5a2d-3b84-02a902f660d1" executionId="842facae-cb2e-4318-ab9c-eb729231c4ca" testListId="8c84fa94-04c1-424b-9868-57a2d4851a1d" />
  </TestEntries>
  <Results>
    <UnitTestResult executionId="842facae-cb2e-4318-ab9c-eb729231c4ca" testId="c5191af5-cbe2-5a2d-3b84-02a902f660d1" testName="GetTagTest" computerName="ACER1" duration="00:02:40.1461055" startTime="2011-09-17T15:45:44.5922006+01:00" endTime="2011-09-17T15:48:25.6259632+01:00" testType="13cdc9d9-ddb5-4fa4-a97d-d965ccfc6d4b" outcome="Failed" testListId="8c84fa94-04c1-424b-9868-57a2d4851a1d">
      <Output>
        <ErrorInfo>
          <Message>Assert.Fail failed. pos 216 != exp pos 0</Message>
          <StackTrace>   at L24CMTest.HtmlXTest.GetTagBaseTest(String htmlFile, String tag, Int32 tagPos, Boolean isSingle, Int32 expPos, Int32 nAttributes, String testAttr, String testValue) in C:\Dev\MVC2MS\L24CMTest\HtmlXTest.cs:line 75
   at L24CMTest.HtmlXTest.GetTagTest() in C:\Dev\MVC2MS\L24CMTest\HtmlXTest.cs:line 88
</StackTrace>
        </ErrorInfo>
      </Output>
    </UnitTestResult>
  </Results>
</TestRun>